{"/home/misha/work/frontend-skeleton/src/app/AppProvider.tsx": {"path":"/home/misha/work/frontend-skeleton/src/app/AppProvider.tsx","statementMap":{"0":{"start":{"line":6,"column":2},"end":{"line":8,"column":3}}},"fnMap":{"0":{"name":"AppProvider","decl":{"start":{"line":5,"column":9},"end":{"line":5,"column":20}},"loc":{"start":{"line":5,"column":36},"end":{"line":9,"column":1}},"line":5}},"branchMap":{},"s":{"0":0},"f":{"0":0},"b":{}}
,"/home/misha/work/frontend-skeleton/src/app/init.js": {"path":"/home/misha/work/frontend-skeleton/src/app/init.js","statementMap":{"0":{"start":{"line":4,"column":0},"end":{"line":6,"column":1}},"1":{"start":{"line":5,"column":2},"end":{"line":5,"column":91}}},"fnMap":{},"branchMap":{"0":{"loc":{"start":{"line":4,"column":0},"end":{"line":6,"column":1}},"type":"if","locations":[{"start":{"line":4,"column":0},"end":{"line":6,"column":1}},{"start":{"line":4,"column":0},"end":{"line":6,"column":1}}],"line":4},"1":{"loc":{"start":{"line":4,"column":3},"end":{"line":4,"column":66}},"type":"binary-expr","locations":[{"start":{"line":4,"column":3},"end":{"line":4,"column":40}},{"start":{"line":4,"column":44},"end":{"line":4,"column":66}}],"line":4}},"s":{"0":0,"1":0},"f":{},"b":{"0":[0,0],"1":[0,0]}}
,"/home/misha/work/frontend-skeleton/src/app/polyfills.js": {"path":"/home/misha/work/frontend-skeleton/src/app/polyfills.js","statementMap":{"0":{"start":{"line":2,"column":0},"end":{"line":2,"column":23}},"1":{"start":{"line":6,"column":0},"end":{"line":17,"column":1}},"2":{"start":{"line":7,"column":2},"end":{"line":7,"column":25}},"3":{"start":{"line":10,"column":2},"end":{"line":16,"column":3}},"4":{"start":{"line":11,"column":4},"end":{"line":13,"column":5}},"5":{"start":{"line":12,"column":6},"end":{"line":12,"column":35}},"6":{"start":{"line":15,"column":4},"end":{"line":15,"column":48}},"7":{"start":{"line":20,"column":1},"end":{"line":48,"column":1}},"8":{"start":{"line":21,"column":12},"end":{"line":21,"column":71}},"9":{"start":{"line":22,"column":13},"end":{"line":22,"column":15}},"10":{"start":{"line":24,"column":2},"end":{"line":31,"column":3}},"11":{"start":{"line":25,"column":4},"end":{"line":27,"column":5}},"12":{"start":{"line":26,"column":6},"end":{"line":26,"column":31}},"13":{"start":{"line":31,"column":3},"end":{"line":45,"column":10}},"14":{"start":{"line":32,"column":4},"end":{"line":44,"column":6}},"15":{"start":{"line":33,"column":6},"end":{"line":35,"column":7}},"16":{"start":{"line":34,"column":8},"end":{"line":34,"column":14}},"17":{"start":{"line":36,"column":6},"end":{"line":43,"column":8}},"18":{"start":{"line":41,"column":10},"end":{"line":41,"column":43}},"19":{"start":{"line":48,"column":1},"end":{"line":58,"column":4}},"20":{"start":{"line":50,"column":2},"end":{"line":57,"column":3}},"21":{"start":{"line":51,"column":4},"end":{"line":56,"column":5}},"22":{"start":{"line":52,"column":19},"end":{"line":52,"column":47}},"23":{"start":{"line":53,"column":6},"end":{"line":55,"column":7}},"24":{"start":{"line":54,"column":8},"end":{"line":54,"column":29}}},"fnMap":{"0":{"name":"(anonymous_0)","decl":{"start":{"line":10,"column":34},"end":{"line":10,"column":35}},"loc":{"start":{"line":10,"column":57},"end":{"line":16,"column":3}},"line":10},"1":{"name":"(anonymous_1)","decl":{"start":{"line":20,"column":2},"end":{"line":20,"column":3}},"loc":{"start":{"line":20,"column":13},"end":{"line":46,"column":1}},"line":20},"2":{"name":"(anonymous_2)","decl":{"start":{"line":24,"column":14},"end":{"line":24,"column":15}},"loc":{"start":{"line":24,"column":29},"end":{"line":28,"column":3}},"line":24},"3":{"name":"(anonymous_3)","decl":{"start":{"line":31,"column":4},"end":{"line":31,"column":5}},"loc":{"start":{"line":31,"column":18},"end":{"line":45,"column":3}},"line":31},"4":{"name":"(anonymous_4)","decl":{"start":{"line":32,"column":16},"end":{"line":32,"column":17}},"loc":{"start":{"line":32,"column":31},"end":{"line":44,"column":5}},"line":32},"5":{"name":"remove","decl":{"start":{"line":40,"column":24},"end":{"line":40,"column":30}},"loc":{"start":{"line":40,"column":33},"end":{"line":42,"column":9}},"line":40},"6":{"name":"(anonymous_6)","decl":{"start":{"line":48,"column":2},"end":{"line":48,"column":3}},"loc":{"start":{"line":48,"column":13},"end":{"line":58,"column":1}},"line":48},"7":{"name":"(anonymous_7)","decl":{"start":{"line":51,"column":47},"end":{"line":51,"column":48}},"loc":{"start":{"line":51,"column":58},"end":{"line":56,"column":5}},"line":51}},"branchMap":{"0":{"loc":{"start":{"line":6,"column":0},"end":{"line":17,"column":1}},"type":"if","locations":[{"start":{"line":6,"column":0},"end":{"line":17,"column":1}},{"start":{"line":6,"column":0},"end":{"line":17,"column":1}}],"line":6},"1":{"loc":{"start":{"line":6,"column":3},"end":{"line":6,"column":59}},"type":"binary-expr","locations":[{"start":{"line":6,"column":3},"end":{"line":6,"column":32}},{"start":{"line":6,"column":36},"end":{"line":6,"column":59}}],"line":6},"2":{"loc":{"start":{"line":11,"column":4},"end":{"line":13,"column":5}},"type":"if","locations":[{"start":{"line":11,"column":4},"end":{"line":13,"column":5}},{"start":{"line":11,"column":4},"end":{"line":13,"column":5}}],"line":11},"3":{"loc":{"start":{"line":15,"column":16},"end":{"line":15,"column":40}},"type":"cond-expr","locations":[{"start":{"line":15,"column":24},"end":{"line":15,"column":29}},{"start":{"line":15,"column":32},"end":{"line":15,"column":40}}],"line":15},"4":{"loc":{"start":{"line":25,"column":4},"end":{"line":27,"column":5}},"type":"if","locations":[{"start":{"line":25,"column":4},"end":{"line":27,"column":5}},{"start":{"line":25,"column":4},"end":{"line":27,"column":5}}],"line":25},"5":{"loc":{"start":{"line":33,"column":6},"end":{"line":35,"column":7}},"type":"if","locations":[{"start":{"line":33,"column":6},"end":{"line":35,"column":7}},{"start":{"line":33,"column":6},"end":{"line":35,"column":7}}],"line":33},"6":{"loc":{"start":{"line":50,"column":2},"end":{"line":57,"column":3}},"type":"if","locations":[{"start":{"line":50,"column":2},"end":{"line":57,"column":3}},{"start":{"line":50,"column":2},"end":{"line":57,"column":3}}],"line":50},"7":{"loc":{"start":{"line":53,"column":6},"end":{"line":55,"column":7}},"type":"if","locations":[{"start":{"line":53,"column":6},"end":{"line":55,"column":7}},{"start":{"line":53,"column":6},"end":{"line":55,"column":7}}],"line":53},"8":{"loc":{"start":{"line":53,"column":9},"end":{"line":53,"column":108}},"type":"binary-expr","locations":[{"start":{"line":53,"column":9},"end":{"line":53,"column":21}},{"start":{"line":53,"column":25},"end":{"line":53,"column":57}},{"start":{"line":53,"column":61},"end":{"line":53,"column":74}},{"start":{"line":53,"column":78},"end":{"line":53,"column":108}}],"line":53}},"s":{"0":0,"1":0,"2":0,"3":0,"4":0,"5":0,"6":0,"7":0,"8":0,"9":0,"10":0,"11":0,"12":0,"13":0,"14":0,"15":0,"16":0,"17":0,"18":0,"19":0,"20":0,"21":0,"22":0,"23":0,"24":0},"f":{"0":0,"1":0,"2":0,"3":0,"4":0,"5":0,"6":0,"7":0},"b":{"0":[0,0],"1":[0,0],"2":[0,0],"3":[0,0],"4":[0,0],"5":[0,0],"6":[0,0],"7":[0,0],"8":[0,0,0,0]}}
,"/home/misha/work/frontend-skeleton/src/app/router.tsx": {"path":"/home/misha/work/frontend-skeleton/src/app/router.tsx","statementMap":{"0":{"start":{"line":3,"column":15},"end":{"line":8,"column":2}}},"fnMap":{},"branchMap":{},"s":{"0":0},"f":{},"b":{}}
}
